  Source.cpp
C:\Users\Polina\Desktop\курсач САОД\куосовая\куосовая\Source.cpp(149,20): warning C4018:  <: несоответствие типов со знаком и без знака
C:\Users\Polina\Desktop\курсач САОД\куосовая\куосовая\Source.cpp(257,20): warning C4018:  <: несоответствие типов со знаком и без знака
C:\Users\Polina\Desktop\курсач САОД\куосовая\куосовая\Source.cpp(268,20): warning C4018:  <: несоответствие типов со знаком и без знака
C:\Users\Polina\Desktop\курсач САОД\куосовая\куосовая\Source.cpp(283,21): warning C4018:  <: несоответствие типов со знаком и без знака
C:\Users\Polina\Desktop\курсач САОД\куосовая\куосовая\Source.cpp(294,21): warning C4018:  <: несоответствие типов со знаком и без знака
C:\Users\Polina\Desktop\курсач САОД\куосовая\куосовая\Source.cpp(310,20): warning C4018:  <: несоответствие типов со знаком и без знака
C:\Users\Polina\Desktop\курсач САОД\куосовая\куосовая\Source.cpp(323,20): warning C4018:  <: несоответствие типов со знаком и без знака
C:\Users\Polina\Desktop\курсач САОД\куосовая\куосовая\Source.cpp(341,21): warning C4018:  <: несоответствие типов со знаком и без знака
C:\Users\Polina\Desktop\курсач САОД\куосовая\куосовая\Source.cpp(354,21): warning C4018:  <: несоответствие типов со знаком и без знака
C:\Users\Polina\Desktop\курсач САОД\куосовая\куосовая\Source.cpp(372,20): warning C4018:  <: несоответствие типов со знаком и без знака
C:\Users\Polina\Desktop\курсач САОД\куосовая\куосовая\Source.cpp(384,20): warning C4018:  <: несоответствие типов со знаком и без знака
C:\Users\Polina\Desktop\курсач САОД\куосовая\куосовая\Source.cpp(404,21): warning C4018:  <: несоответствие типов со знаком и без знака
C:\Users\Polina\Desktop\курсач САОД\куосовая\куосовая\Source.cpp(416,21): warning C4018:  <: несоответствие типов со знаком и без знака
C:\Users\Polina\Desktop\курсач САОД\куосовая\куосовая\Source.cpp(1200,20): warning C4018:  <: несоответствие типов со знаком и без знака
C:\Users\Polina\Desktop\курсач САОД\куосовая\куосовая\Source.cpp(1207,20): warning C4018:  <: несоответствие типов со знаком и без знака
C:\Users\Polina\Desktop\курсач САОД\куосовая\куосовая\Source.cpp(1228,21): warning C4018:  <: несоответствие типов со знаком и без знака
C:\Users\Polina\Desktop\курсач САОД\куосовая\куосовая\Source.cpp(1235,21): warning C4018:  <: несоответствие типов со знаком и без знака
C:\Users\Polina\Desktop\курсач САОД\куосовая\куосовая\Source.cpp(1262,20): warning C4018:  <: несоответствие типов со знаком и без знака
C:\Users\Polina\Desktop\курсач САОД\куосовая\куосовая\Source.cpp(1269,20): warning C4018:  <: несоответствие типов со знаком и без знака
C:\Users\Polina\Desktop\курсач САОД\куосовая\куосовая\Source.cpp(1286,21): warning C4018:  <: несоответствие типов со знаком и без знака
C:\Users\Polina\Desktop\курсач САОД\куосовая\куосовая\Source.cpp(1293,21): warning C4018:  <: несоответствие типов со знаком и без знака
C:\Users\Polina\Desktop\курсач САОД\куосовая\куосовая\Source.cpp(1331,20): warning C4018:  <: несоответствие типов со знаком и без знака
C:\Users\Polina\Desktop\курсач САОД\куосовая\куосовая\Source.cpp(1344,20): warning C4018:  <: несоответствие типов со знаком и без знака
C:\Users\Polina\Desktop\курсач САОД\куосовая\куосовая\Source.cpp(1369,21): warning C4018:  <: несоответствие типов со знаком и без знака
C:\Users\Polina\Desktop\курсач САОД\куосовая\куосовая\Source.cpp(1382,21): warning C4018:  <: несоответствие типов со знаком и без знака
C:\Users\Polina\Desktop\курсач САОД\куосовая\куосовая\Source.cpp(1971,20): warning C4018:  <: несоответствие типов со знаком и без знака
C:\Users\Polina\Desktop\курсач САОД\куосовая\куосовая\Source.cpp(1978,20): warning C4018:  <: несоответствие типов со знаком и без знака
C:\Users\Polina\Desktop\курсач САОД\куосовая\куосовая\Source.cpp(1998,21): warning C4018:  <: несоответствие типов со знаком и без знака
C:\Users\Polina\Desktop\курсач САОД\куосовая\куосовая\Source.cpp(2005,21): warning C4018:  <: несоответствие типов со знаком и без знака
C:\Users\Polina\Desktop\курсач САОД\куосовая\куосовая\Source.cpp(1969,25): warning C4101:  time20: неиспользованная локальная переменная
C:\Users\Polina\Desktop\курсач САОД\куосовая\куосовая\Source.cpp(1969,17): warning C4101:  time10: неиспользованная локальная переменная
C:\Users\Polina\Desktop\курсач САОД\куосовая\куосовая\Source.cpp(1855): warning C4715:  search_doc: значение возвращается не при всех путях выполнения
  куосовая.vcxproj -> C:\Users\Polina\Desktop\курсач САОД\куосовая\Debug\куосовая.exe
